2024-08-28 13:59:57.732  INFO 10333 --- [main] lavalink.server.Launcher                 : Starting Launcher using Java 22.0.2 on Liwilium with PID 10333 (/home/Itto/Lab/ChariotSanzzo/Lavalink/Lavalink.jar started by Itto in /home/Itto/Lab/ChariotSanzzo/Lavalink)
2024-08-28 13:59:57.782  INFO 10333 --- [main] lavalink.server.Launcher                 : No active profile set, falling back to 1 default profile: "default"
2024-08-28 13:59:58.306  INFO 10333 --- [main] lavalink.server.bootstrap.PluginManager  : Downloading https://maven.topi.wtf/releases/com/github/TopiSenpai/LavaSrc/lavasrc-plugin/3.2.10/lavasrc-plugin-3.2.10.jar
2024-08-28 14:00:00.503  INFO 10333 --- [main] lavalink.server.bootstrap.PluginManager  : Downloading https://maven.lavalink.dev/releases/dev/lavalink/youtube/youtube-plugin/1.5.2/youtube-plugin-1.5.2.jar
2024-08-28 14:00:02.866  INFO 10333 --- [main] lavalink.server.bootstrap.PluginManager  : Found plugin 'youtube-plugin' version 1.5.2
2024-08-28 14:00:02.877  INFO 10333 --- [main] lavalink.server.bootstrap.PluginManager  : Loaded youtube-plugin-1.5.2.jar (10 classes)
2024-08-28 14:00:02.878  INFO 10333 --- [main] lavalink.server.bootstrap.PluginManager  : Found plugin 'lavasrc' version 3.2.10
2024-08-28 14:00:02.893  INFO 10333 --- [main] lavalink.server.bootstrap.PluginManager  : Loaded lavasrc-plugin-3.2.10.jar (24 classes)
2024-08-28 14:00:03.013  INFO 10333 --- [main] lavalink.server.Launcher                 : Started Launcher in 5.724 seconds (JVM running for 6.141)
2024-08-28 14:00:03.016  INFO 10333 --- [main] lavalink.server.Launcher                 : You can safely ignore the big red warning about illegal reflection. See https://github.com/lavalink-devs/Lavalink/issues/295
2024-08-28 14:00:03.077  INFO 10333 --- [main] lavalink.server.Launcher                 : 

[32m       .  [31m _                  _ _       _    [32m__ _ _
[32m      /\\ [31m| | __ ___   ____ _| (_)_ __ | | __[32m\ \ \ \
[32m     ( ( )[31m| |/ _` \ \ / / _` | | | '_ \| |/ /[32m \ \ \ \
[32m      \\/ [31m| | (_| |\ V / (_| | | | | | |   < [32m  ) ) ) )
[32m       '  [31m|_|\__,_| \_/ \__,_|_|_|_| |_|_|\_\[32m / / / /
[0m    =========================================[32m/_/_/_/[0m

	Version:        3.7.12
	Build time:     05.05.2024 20:58:03 UTC
	Branch          HEAD
	Commit:         98115f4
	Commit time:    05.05.2024 20:43:02 UTC
	JVM:            22.0.2
	Lavaplayer      1.5.4

2024-08-28 14:00:03.083  INFO 10333 --- [main] lavalink.server.Launcher                 : No active profile set, falling back to 1 default profile: "default"
2024-08-28 14:00:03.749  WARN 10333 --- [main] io.undertow.websockets.jsr               : UT026010: Buffer pool was not set on WebSocketDeploymentInfo, the default pool will be used
2024-08-28 14:00:03.768  INFO 10333 --- [main] io.undertow.servlet                      : Initializing Spring embedded WebApplicationContext
2024-08-28 14:00:03.768  INFO 10333 --- [main] w.s.c.ServletWebServerApplicationContext : Root WebApplicationContext: initialization completed in 679 ms
2024-08-28 14:00:04.335  INFO 10333 --- [main] dev.lavalink.youtube.plugin.PluginInfo   : ********************************************
YOUTUBE-SOURCE VERSION 1.7.2 AVAILABLE
https://github.com/lavalink-devs/youtube-source/releases/tag/1.7.2
Update to ensure the YouTube source remains operational!
********************************************
2024-08-28 14:00:04.345  INFO 10333 --- [main] c.g.t.lavasrc.plugin.LavaSrcPlugin       : Loading LavaSrc plugin...
2024-08-28 14:00:04.394  INFO 10333 --- [main] c.s.d.l.tools.GarbageCollectionMonitor   : GC monitoring enabled, reporting results every 2 minutes.
2024-08-28 14:00:04.600  INFO 10333 --- [main] d.l.youtube.plugin.YoutubePluginLoader   : YouTube source initialised with clients: WEB_REMIX, ANDROID_TESTSUITE, WEB, TVHTML5_SIMPLY_EMBEDDED_PLAYER 
2024-08-28 14:00:04.601  INFO 10333 --- [main] c.g.t.lavasrc.plugin.LavaSrcPlugin       : Registering Spotify audio source manager...
2024-08-28 14:00:04.704  INFO 10333 --- [main] lavalink.server.config.KoeConfiguration  : OS: LINUX, Arch: X86_64
2024-08-28 14:00:04.704  INFO 10333 --- [main] lavalink.server.config.KoeConfiguration  : Enabling JDA-NAS
2024-08-28 14:00:04.707  INFO 10333 --- [main] c.s.l.c.natives.NativeLibraryLoader      : Native library udpqueue: loading with filter null
2024-08-28 14:00:04.712  INFO 10333 --- [main] c.s.l.c.natives.NativeLibraryLoader      : Native library udpqueue: successfully loaded.
2024-08-28 14:00:04.767  WARN 10333 --- [main] l.server.config.SentryConfiguration      : Turning off sentry
2024-08-28 14:00:04.952  INFO 10333 --- [main] io.undertow                              : starting server: Undertow - 2.2.16.Final
2024-08-28 14:00:04.958  INFO 10333 --- [main] org.xnio                                 : XNIO version 3.8.6.Final
2024-08-28 14:00:04.964  INFO 10333 --- [main] org.xnio.nio                             : XNIO NIO Implementation Version 3.8.6.Final
2024-08-28 14:00:05.053  INFO 10333 --- [main] org.jboss.threads                        : JBoss Threads version 3.1.0.Final
2024-08-28 14:00:05.101  INFO 10333 --- [main] o.s.b.w.e.undertow.UndertowWebServer     : Undertow started on port(s) 2333 (http)
2024-08-28 14:00:05.106  INFO 10333 --- [main] lavalink.server.Launcher                 : Started Launcher in 2.085 seconds (JVM running for 8.234)
2024-08-28 14:00:05.108  INFO 10333 --- [main] lavalink.server.Launcher                 : Lavalink is ready to accept connections.
2024-08-28 14:00:09.192  INFO 10333 --- [XNIO-1 task-1] io.undertow.servlet                      : Initializing Spring DispatcherServlet 'dispatcherServlet'
2024-08-28 14:00:09.192  INFO 10333 --- [XNIO-1 task-1] o.s.web.servlet.DispatcherServlet        : Initializing Servlet 'dispatcherServlet'
2024-08-28 14:00:09.193  INFO 10333 --- [XNIO-1 task-1] o.s.web.servlet.DispatcherServlet        : Completed initialization in 1 ms
2024-08-28 14:00:09.205  INFO 10333 --- [XNIO-1 task-1] l.server.io.HandshakeInterceptorImpl     : Incoming connection from /127.0.0.1:50136
2024-08-28 14:00:09.217  INFO 10333 --- [XNIO-1 task-1] lavalink.server.io.RequestLoggingFilter  : GET /, client=127.0.0.1
2024-08-28 14:00:09.364  INFO 10333 --- [XNIO-1 task-1] lavalink.server.io.SocketServer          : Connection successfully established from DSharpPlus.Lavalink
2024-08-28 14:00:10.979  INFO 10333 --- [XNIO-1 task-1] l.server.io.HandshakeInterceptorImpl     : Incoming connection from /127.0.0.1:50138
2024-08-28 14:00:10.980  INFO 10333 --- [XNIO-1 task-1] lavalink.server.io.RequestLoggingFilter  : GET /, client=127.0.0.1
2024-08-28 14:00:10.981  INFO 10333 --- [XNIO-1 task-1] lavalink.server.io.SocketServer          : Connection successfully established from DSharpPlus.Lavalink
2024-08-28 14:00:56.407  INFO 10333 --- [XNIO-1 I/O-2] lavalink.server.io.SocketServer          : Connection closed from /127.0.0.1:50138 -- CloseStatus[code=1006, reason=]
2024-08-28 14:00:56.407  INFO 10333 --- [XNIO-1 I/O-1] lavalink.server.io.SocketServer          : Connection closed from /127.0.0.1:50136 -- CloseStatus[code=1006, reason=]
2024-08-28 14:00:56.407  INFO 10333 --- [XNIO-1 I/O-1] lavalink.server.io.SocketContext         : Shutting down 0 playing players.
2024-08-28 14:00:56.407  INFO 10333 --- [XNIO-1 I/O-2] lavalink.server.io.SocketContext         : Shutting down 0 playing players.
2024-08-28 14:00:56.576  INFO 10333 --- [SpringApplicationShutdownHook] io.undertow                              : stopping server: Undertow - 2.2.16.Final
2024-08-28 14:00:56.578  INFO 10333 --- [SpringApplicationShutdownHook] io.undertow.servlet                      : Destroying Spring FrameworkServlet 'dispatcherServlet'
2024-08-28 14:00:56.580  INFO 10333 --- [SpringApplicationShutdownHook] c.s.d.l.tools.GarbageCollectionMonitor   : GC monitoring disabled.
